#
# There is insufficient memory for the Java Runtime Environment to continue.
# Native memory allocation (mmap) failed to map 197132288 bytes for G1 virtual space
# Possible reasons:
#   The system is out of physical RAM or swap space
#   The process is running with CompressedOops enabled, and the Java Heap may be blocking the growth of the native heap
# Possible solutions:
#   Reduce memory load on the system
#   Increase physical memory or swap space
#   Check if swap backing store is full
#   Decrease Java heap size (-Xmx/-Xms)
#   Decrease number of Java threads
#   Decrease Java thread stack sizes (-Xss)
#   Set larger code cache with -XX:ReservedCodeCacheSize=
#   JVM is running with Zero Based Compressed Oops mode in which the Java heap is
#     placed in the first 32GB address space. The Java Heap base address is the
#     maximum limit for the native heap growth. Please use -XX:HeapBaseMinAddress
#     to set the Java Heap base and to place the Java Heap above 32GB virtual address.
# This output file may be truncated or incomplete.
#
#  Out of Memory Error (os_windows.cpp:3469), pid=8372, tid=19848
#
# JRE version:  (17.0+35) (build )
# Java VM: Java HotSpot(TM) 64-Bit Server VM (17+35-LTS-2724, mixed mode, sharing, tiered, compressed oops, compressed class ptrs, g1 gc, windows-amd64)
# No core dump will be written. Minidumps are not enabled by default on client versions of Windows
#

---------------  S U M M A R Y ------------

Command Line: javacc G.jj

Host: 11th Gen Intel(R) Core(TM) i7-1165G7 @ 2.80GHz, 8 cores, 11G,  Windows 10 , 64 bit Build 22621 (10.0.22621.2048)
Time: Mon Jul 17 16:52:13 2023 Hora estándar central (México) elapsed time: 0.019102 seconds (0d 0h 0m 0s)

---------------  T H R E A D  ---------------

Current thread (0x000001d45b9ee1e0):  JavaThread "Unknown thread" [_thread_in_vm, id=19848, stack(0x0000003be3200000,0x0000003be3300000)]

Stack: [0x0000003be3200000,0x0000003be3300000]
Native frames: (J=compiled Java code, j=interpreted, Vv=VM code, C=native code)
V  [jvm.dll+0x66f8ea]
V  [jvm.dll+0x7ce224]
V  [jvm.dll+0x7cf9ce]
V  [jvm.dll+0x7d0033]
V  [jvm.dll+0x242bb5]
V  [jvm.dll+0x66c909]
V  [jvm.dll+0x6613d2]
V  [jvm.dll+0x30082b]
V  [jvm.dll+0x307db6]
V  [jvm.dll+0x357a0e]
V  [jvm.dll+0x357c3f]
V  [jvm.dll+0x2d7ae8]
V  [jvm.dll+0x2d8a54]
V  [jvm.dll+0x7a00a1]
V  [jvm.dll+0x365781]
V  [jvm.dll+0x77f59c]
V  [jvm.dll+0x3e805f]
V  [jvm.dll+0x3e9b01]
C  [jli.dll+0x527b]
C  [ucrtbase.dll+0x29363]
C  [KERNEL32.DLL+0x126ad]
C  [ntdll.dll+0x5aa68]


---------------  P R O C E S S  ---------------

Threads class SMR info:
_java_thread_list=0x00007ffff90c7818, length=0, elements={
}

Java Threads: ( => current thread )

Other Threads:
  0x000001d45ba31730 GCTaskThread "GC Thread#0" [stack: 0x0000003be3300000,0x0000003be3400000] [id=23220]
  0x000001d45ba3e390 ConcurrentGCThread "G1 Main Marker" [stack: 0x0000003be3400000,0x0000003be3500000] [id=14796]
  0x000001d45ba3eda0 ConcurrentGCThread "G1 Conc#0" [stack: 0x0000003be3500000,0x0000003be3600000] [id=19328]

[error occurred during error reporting (printing all threads), id 0xc0000005, EXCEPTION_ACCESS_VIOLATION (0xc0000005) at pc=0x00007ffff89184c7]

VM state: not at safepoint (not fully initialized)

VM Mutex/Monitor currently owned by a thread:  ([mutex/lock_event])
[0x000001d45b9eaf80] Heap_lock - owner thread: 0x000001d45b9ee1e0

Heap address: 0x0000000744400000, size: 3004 MB, Compressed Oops mode: Zero based, Oop shift amount: 3

CDS archive(s) mapped at: [0x0000000000000000-0x0000000000000000-0x0000000000000000), size 0, SharedBaseAddress: 0x0000000800000000, ArchiveRelocationMode: 0.
Narrow klass base: 0x0000000000000000, Narrow klass shift: 0, Narrow klass range: 0x0

GC Precious Log:
<Empty>

Heap:
 garbage-first heap   total 0K, used 0K [0x0000000744400000, 0x0000000800000000)
  region size 2048K, 0 young (0K), 0 survivors (0K)

[error occurred during error reporting (printing heap information), id 0xc0000005, EXCEPTION_ACCESS_VIOLATION (0xc0000005) at pc=0x00007ffff8cf8c59]

GC Heap History (0 events):
No events

Deoptimization events (0 events):
No events

Classes unloaded (0 events):
No events

Classes redefined (0 events):
No events

Internal exceptions (0 events):
No events

VM Operations (0 events):
No events

Events (1 events):
Event: 0.010 Loaded shared library C:\Program Files\Java\jdk-17\bin\java.dll


Dynamic libraries:
0x00007ff78e6a0000 - 0x00007ff78e6b0000 	C:\Program Files\Java\jdk-17\bin\java.exe
0x00007ff8549d0000 - 0x00007ff854be4000 	C:\WINDOWS\SYSTEM32\ntdll.dll
0x00007ff853aa0000 - 0x00007ff853b64000 	C:\WINDOWS\System32\KERNEL32.DLL
0x00007ff852250000 - 0x00007ff8525f4000 	C:\WINDOWS\System32\KERNELBASE.dll
0x00007ff851f00000 - 0x00007ff852011000 	C:\WINDOWS\System32\ucrtbase.dll
0x00007ff843b90000 - 0x00007ff843ba8000 	C:\Program Files\Java\jdk-17\bin\jli.dll
0x00007ff8548e0000 - 0x00007ff85498e000 	C:\WINDOWS\System32\ADVAPI32.dll
0x00007ff8412d0000 - 0x00007ff8412ea000 	C:\Program Files\Java\jdk-17\bin\VCRUNTIME140.dll
0x00007ff853910000 - 0x00007ff8539b7000 	C:\WINDOWS\System32\msvcrt.dll
0x00007ff853130000 - 0x00007ff8531d4000 	C:\WINDOWS\System32\sechost.dll
0x00007ff854550000 - 0x00007ff854666000 	C:\WINDOWS\System32\RPCRT4.dll
0x00007ff852db0000 - 0x00007ff852f5a000 	C:\WINDOWS\System32\USER32.dll
0x00007ff851ed0000 - 0x00007ff851ef6000 	C:\WINDOWS\System32\win32u.dll
0x00007ff828320000 - 0x00007ff8285af000 	C:\WINDOWS\WinSxS\amd64_microsoft.windows.common-controls_6595b64144ccf1df_6.0.22621.1972_none_2713b59973822ffa\COMCTL32.dll
0x00007ff853d00000 - 0x00007ff853d29000 	C:\WINDOWS\System32\GDI32.dll
0x00007ff851db0000 - 0x00007ff851ec9000 	C:\WINDOWS\System32\gdi32full.dll
0x00007ff852600000 - 0x00007ff85269a000 	C:\WINDOWS\System32\msvcp_win.dll
0x00007ff848f80000 - 0x00007ff848f8a000 	C:\WINDOWS\SYSTEM32\VERSION.dll
0x00007ff852850000 - 0x00007ff852881000 	C:\WINDOWS\System32\IMM32.DLL
0x00007ff843c00000 - 0x00007ff843c0c000 	C:\Program Files\Java\jdk-17\bin\vcruntime140_1.dll
0x00007ff80e760000 - 0x00007ff80e7ed000 	C:\Program Files\Java\jdk-17\bin\msvcp140.dll
0x00007ffff8630000 - 0x00007ffff91ee000 	C:\Program Files\Java\jdk-17\bin\server\jvm.dll
0x00007ff8528b0000 - 0x00007ff8528b8000 	C:\WINDOWS\System32\PSAPI.DLL
0x00007ff822920000 - 0x00007ff822929000 	C:\WINDOWS\SYSTEM32\WSOCK32.dll
0x00007ff843cc0000 - 0x00007ff843cf4000 	C:\WINDOWS\SYSTEM32\WINMM.dll
0x00007ff852cd0000 - 0x00007ff852d41000 	C:\WINDOWS\System32\WS2_32.dll
0x00007ff850db0000 - 0x00007ff850dc8000 	C:\WINDOWS\SYSTEM32\kernel.appcore.dll
0x00007ff8412c0000 - 0x00007ff8412ca000 	C:\Program Files\Java\jdk-17\bin\jimage.dll
0x00007ff84f530000 - 0x00007ff84f75e000 	C:\WINDOWS\SYSTEM32\DBGHELP.DLL
0x00007ff852940000 - 0x00007ff852cca000 	C:\WINDOWS\System32\combase.dll
0x00007ff8539c0000 - 0x00007ff853a97000 	C:\WINDOWS\System32\OLEAUT32.dll
0x00007ff8418c0000 - 0x00007ff8418f2000 	C:\WINDOWS\SYSTEM32\dbgcore.DLL
0x00007ff852710000 - 0x00007ff85278a000 	C:\WINDOWS\System32\bcryptPrimitives.dll
0x00007ff839fb0000 - 0x00007ff839fd5000 	C:\Program Files\Java\jdk-17\bin\java.dll

dbghelp: loaded successfully - version: 4.0.5 - missing functions: none
symbol engine: initialized successfully - sym options: 0x614 - pdb path: .;C:\Program Files\Java\jdk-17\bin;C:\WINDOWS\SYSTEM32;C:\WINDOWS\WinSxS\amd64_microsoft.windows.common-controls_6595b64144ccf1df_6.0.22621.1972_none_2713b59973822ffa;C:\Program Files\Java\jdk-17\bin\server

VM Arguments:
java_command: javacc G.jj
java_class_path (initial): C:\Users\modim\Desktop\DeskDocs\ITM\6° Semestre\Lenguajes y Autómatas II\Uni I\javacc-javacc-7.0.10\scripts\..\target\javacc.jar
Launcher Type: SUN_STANDARD

[Global flags]
     intx CICompilerCount                          = 4                                         {product} {ergonomic}
     uint ConcGCThreads                            = 2                                         {product} {ergonomic}
     uint G1ConcRefinementThreads                  = 8                                         {product} {ergonomic}
   size_t G1HeapRegionSize                         = 2097152                                   {product} {ergonomic}
    uintx GCDrainStackTargetSize                   = 64                                        {product} {ergonomic}
   size_t InitialHeapSize                          = 197132288                                 {product} {ergonomic}
   size_t MarkStackSize                            = 4194304                                   {product} {ergonomic}
   size_t MaxHeapSize                              = 3149922304                                {product} {ergonomic}
   size_t MinHeapDeltaBytes                        = 2097152                                   {product} {ergonomic}
   size_t MinHeapSize                              = 8388608                                   {product} {ergonomic}
    uintx NonNMethodCodeHeapSize                   = 5839372                                {pd product} {ergonomic}
    uintx NonProfiledCodeHeapSize                  = 122909434                              {pd product} {ergonomic}
    uintx ProfiledCodeHeapSize                     = 122909434                              {pd product} {ergonomic}
    uintx ReservedCodeCacheSize                    = 251658240                              {pd product} {ergonomic}
     bool SegmentedCodeCache                       = true                                      {product} {ergonomic}
   size_t SoftMaxHeapSize                          = 3149922304                             {manageable} {ergonomic}
     bool UseCompressedClassPointers               = true                           {product lp64_product} {ergonomic}
     bool UseCompressedOops                        = true                           {product lp64_product} {ergonomic}
     bool UseG1GC                                  = true                                      {product} {ergonomic}
     bool UseLargePagesIndividualAllocation        = false                                  {pd product} {ergonomic}

Logging:
Log output configuration:
 #0: stdout all=warning uptime,level,tags
 #1: stderr all=off uptime,level,tags

Environment Variables:
PATH=C:\app\Fergetse\product\21c\dbhomeXE\bin;C:\Python311\Scripts\;C:\Python311\;C:\Program Files (x86)\Common Files\Intel\Shared Libraries\redist\intel64\compiler;C:\Program Files (x86)\Razer Chroma SDK\bin;C:\Program Files\Razer Chroma SDK\bin;C:\Program Files (x86)\Razer\ChromaBroadcast\bin;C:\Program Files\Razer\ChromaBroadcast\bin;C:\Program Files\Common Files\Oracle\Java\javapath;C:\WINDOWS\system32;C:\WINDOWS;C:\WINDOWS\System32\Wbem;C:\WINDOWS\System32\WindowsPowerShell\v1.0\;C:\WINDOWS\System32\OpenSSH\;C:\Program Files\Java\jdk-17\bin;C:\Program Files\Java\jdk1.8.0_231\bin;C:\Program Files\nodejs\;C:\Program Files\Git\cmd;C:\Users\modim\AppData\Local\Programs\Python\Python39\Scripts\;C:\Users\modim\AppData\Local\Programs\Python\Python39\;C:\Users\modim\AppData\Local\Microsoft\WindowsApps;C:\Users\modim\AppData\Roaming\npm;C:\Users\modim\AppData\Local\atom\bin;C:\WINDOWS\system32\config\systemprofile\AppData\Local\Microsoft\WindowsApps;C:\MinGW\bin;C:\cygwin64\bin;C:\Program Files\dotnet\;C:\Program Files\Microsoft SQL Server\130\Tools\Binn\;C:\Program Files\Go\bin;C:\Program Files\Latino\bin;C:\Program Files\Latino\lib;C:\Program Files\Latino;;C:\WINDOWS\system32;C:\WINDOWS;C:\WINDOWS\System32\Wbem;C:\WINDOWS\System32\WindowsPowerShell\v1.0\;C:\WINDOWS\System32\OpenSSH\;C:\Program Files\Microsoft SQL Server\150\Tools\Binn\;C:\Program Files\PuTTY\;C:\ProgramData\chocolatey\bin;C:\Program Files (x86)\Microsoft SQL Server\160\Tools\Binn\;C:\Program Files\Microsoft SQL Server\160\Tools\Binn\;C:\Program Files\Microsoft SQL Server\Client SDK\ODBC\170\Tools\Binn\;C:\Program Files\Microsoft SQL Server\160\DTS\Binn\;C:\Program Files (x86)\Microsoft SQL Server\160\DTS\Binn\;C:\Program Files\Azure Data Studio\bin;C:\Users\modim\AppData\Local\Programs\Python\Python39\Scripts\;C:\Users\modim\AppData\Local\Programs\Python\Python39\;C:\Users\modim\AppData\Local\Microsoft\WindowsApps;C:\Users\modim\AppData\Roaming\npm;C:\MinGW\bin;C:\cygwin64\bin;C:\Users\modim\AppData\Loca
USERNAME=Fergetse
OS=Windows_NT
PROCESSOR_IDENTIFIER=Intel64 Family 6 Model 140 Stepping 1, GenuineIntel



---------------  S Y S T E M  ---------------

OS:
 Windows 10 , 64 bit Build 22621 (10.0.22621.2048)
OS uptime: 2 days 6:00 hours
Hyper-V role detected

CPU: total 8 (initial active 8) (4 cores per cpu, 2 threads per core) family 6 model 140 stepping 1 microcode 0xa4, cx8, cmov, fxsr, ht, mmx, 3dnowpref, sse, sse2, sse3, ssse3, sse4.1, sse4.2, popcnt, lzcnt, tsc, tscinvbit, avx, avx2, aes, erms, clmul, bmi1, bmi2, adx, avx512f, avx512dq, avx512cd, avx512bw, avx512vl, sha, fma, vzeroupper, avx512_vpopcntdq, avx512_vpclmulqdq, avx512_vaes, avx512_vnni, clflush, clflushopt, clwb, avx512_vbmi2, avx512_vbmi, hv

Memory: 4k page, system-wide physical 12010M (769M free)
TotalPageFile size 48815M (AvailPageFile size 112M)
current process WorkingSet (physical memory assigned to process): 11M, peak: 11M
current process commit charge ("private bytes"): 60M, peak: 248M

vm_info: Java HotSpot(TM) 64-Bit Server VM (17+35-LTS-2724) for windows-amd64 JRE (17+35-LTS-2724), built on Aug  5 2021 23:28:28 by "mach5one" with MS VC++ 16.8 (VS2019)

END.
